=== BATTERY LOG ===
date_utc: 2026-08-30T10:17:23Z
description: pytest full suite with branch coverage, fail_under=95, strict-markers
command: uv run --no-sync pytest --cov=clinical_compiler --cov-report=term-missing --strict-markers -q 
--- exit_code: 0
--- stdout ---
........................................................................ [ 16%]
........................................................................ [ 33%]
........................................................................ [ 50%]
........................................................................ [ 66%]
........................................................................ [ 83%]
........................................................................ [100%]
================================ tests coverage ================================
_______________ coverage: platform darwin, python 3.14.2-final-0 _______________

Name                                                     Stmts   Miss Branch BrPart  Cover   Missing
----------------------------------------------------------------------------------------------------
src/clinical_compiler/__init__.py                            2      0      0      0   100%
src/clinical_compiler/adapters/__init__.py                   0      0      0      0   100%
src/clinical_compiler/adapters/contract.py                  73      0     28      0   100%
src/clinical_compiler/adapters/seed.py                      83      0     36      0   100%
src/clinical_compiler/adapters/structured_feed.py           23      0      4      0   100%
src/clinical_compiler/cli.py                                95      0     14      0   100%
src/clinical_compiler/core/__init__.py                       0      0      0      0   100%
src/clinical_compiler/core/diagnostics.py                   14      0      0      0   100%
src/clinical_compiler/core/ir.py                            26      0     10      0   100%
src/clinical_compiler/core/policy.py                         2      0      0      0   100%
src/clinical_compiler/core/types.py                         21      0      0      0   100%
src/clinical_compiler/linter/__init__.py                     0      0      0      0   100%
src/clinical_compiler/linter/conformance.py                 67      0     30      0   100%
src/clinical_compiler/passes/__init__.py                     0      0      0      0   100%
src/clinical_compiler/passes/admissibility.py               31      0     12      0   100%
src/clinical_compiler/passes/document_selection.py          18      0      6      0   100%
src/clinical_compiler/passes/input_validation.py            36      0     20      0   100%
src/clinical_compiler/passes/semantic_normalization.py      37      0     14      0   100%
src/clinical_compiler/pipeline.py                           72      0     22      0   100%
src/clinical_compiler/pipeline_types.py                      7      0      0      0   100%
src/clinical_compiler/renderers/__init__.py                  0      0      0      0   100%
src/clinical_compiler/renderers/deterministic.py            65      0     36      0   100%
----------------------------------------------------------------------------------------------------
TOTAL                                                      672      0    232      0   100%
Required test coverage of 95.0% reached. Total coverage: 100.00%
432 passed in 1.62s
--- stderr ---
/Users/felipe_gonzalez/Developer/compilador_clinico/.venv/lib/python3.14/site-packages/coverage/inorout.py:574: CoverageWarning: Module clinical_compiler was previously imported, but not measured (module-not-measured); see https://coverage.readthedocs.io/en/7.15.4/messages.html#warning-module-not-measured
  self.warn(msg, slug="module-not-measured")
--- target_sha: 7d0895133d0ca74a889e3f3270f3a4b9f497f4cd
--- working_tree_status: 0 non-evidence/non-claude entries (evidence dir + .claude/ session runtime files excluded)
--- working_tree_detail: 
